#
# A fatal error has been detected by the Java Runtime Environment:
#
#  SIGSEGV (0xb) at pc=0x000000010956a6c6, pid=35911, tid=0x0000000000000307
#
# JRE version: Java(TM) SE Runtime Environment (8.0_191-b12) (build 1.8.0_191-b12)
# Java VM: Java HotSpot(TM) 64-Bit Server VM (25.191-b12 mixed mode bsd-amd64 compressed oops)
# Problematic frame:
# V  [libjvm.dylib+0x16a6c6]
#
# Failed to write core dump. Core dumps have been disabled. To enable core dumping, try "ulimit -c unlimited" before starting Java again
#
# If you would like to submit a bug report, please visit:
#   http://bugreport.java.com/bugreport/crash.jsp
#

---------------  T H R E A D  ---------------

Current thread is native thread

siginfo: si_signo: 11 (SIGSEGV), si_code: 1 (SEGV_MAPERR), si_addr: 0x0000000000000270

Registers:
RAX=0x0000000000000000, RBX=0x0000000000000000, RCX=0x0000000109c37820, RDX=0x0000000000000000
RSP=0x00007ffee7989df0, RBP=0x00007ffee7989e00, RSI=0x0000000000000006, RDI=0x00007ffee7989e10
R8 =0x0000000000000000, R9 =0x0000000000000000, R10=0x00007fff8e797ed8, R11=0x00007fa223c1bbd0
R12=0x00007fa21f13b9f8, R13=0x00007fa21e704ed0, R14=0x00007fa223b79048, R15=0x00007fa21f13b9f8
RIP=0x000000010956a6c6, EFLAGS=0x0000000000010246, ERR=0x0000000000000006
  TRAPNO=0x000000000000000e

Top of Stack: (sp=0x00007ffee7989df0)
0x00007ffee7989df0:   0000000000000000 00007fa223b79048
0x00007ffee7989e00:   00007ffee7989e30 0000000109716356
0x00007ffee7989e10:   0000000000000000 00007fa22238da00
0x00007ffee7989e20:   0000000000000008 00007fa22233fbf0
0x00007ffee7989e30:   00007ffee7989e50 00007fff36d5ded1
0x00007ffee7989e40:   00007fa21f13b9f8 00007fa220416000
0x00007ffee7989e50:   00007ffee7989e70 00007fff36d5dce4
0x00007ffee7989e60:   00007fa22238da00 00007fa2223ac7a0
0x00007ffee7989e70:   00007ffee7989ed0 000000012d428bbb
0x00007ffee7989e80:   00007fff30e46c85 0000000000000000
0x00007ffee7989e90:   4115e0f6773df526 00007fa220416000
0x00007ffee7989ea0:   00007ffee7989ed0 00007fff5d386680
0x00007ffee7989eb0:   00007fa22233fbf0 00007fa21e704ed0
0x00007ffee7989ec0:   00007fa223912130 00007fa220416000
0x00007ffee7989ed0:   00007ffee7989f80 00007fff3d7558a9
0x00007ffee7989ee0:   0000000000000000 0000000000000000
0x00007ffee7989ef0:   00007fa22233fbf0 0000000000000000
0x00007ffee7989f00:   000000041d0c4000 0000000000000000
0x00007ffee7989f10:   4115e0f6773df526 00007fa22233fbf0
0x00007ffee7989f20:   00007fa22233fbf0 0000000000000000
0x00007ffee7989f30:   0000000000000000 00007ffee7989f58
0x00007ffee7989f40:   00007ffee7989f80 00007fff3d7550d1
0x00007ffee7989f50:   3aefffc2a3190042 00007fff5d386680
0x00007ffee7989f60:   0000000000000004 0000000000000000
0x00007ffee7989f70:   00007fa22233fbf0 00007fff30e46c85
0x00007ffee7989f80:   00007ffee798a000 00007fff3d754ea1
0x00007ffee7989f90:   0000000000000fd0 4076f00000000000
0x00007ffee7989fa0:   4081800000000000 4000000000000000
0x00007ffee7989fb0:   0000000000000000 0000000000000000
0x00007ffee7989fc0:   4081800000000000 4076f00000000000
0x00007ffee7989fd0:   3aefffc2a3190042 00007ffee798a0d0
0x00007ffee7989fe0:   00007fa21e501930 00007fff5d386680 

Instructions: (pc=0x000000010956a6c6)
0x000000010956a6a6:   0e 48 8b 0b 49 8b 56 18 48 63 c0 48 89 0c c2 5b
0x000000010956a6b6:   41 5e 5d c3 90 90 55 48 89 e5 41 56 53 48 8b 1f
0x000000010956a6c6:   c7 83 70 02 00 00 05 00 00 00 48 8d 05 b1 ec 78
0x000000010956a6d6:   00 8b 00 83 f8 01 41 89 f6 75 0c 48 8d 0d ee 57 

Register to memory mapping:

RAX=0x0000000000000000 is an unknown value
RBX=0x0000000000000000 is an unknown value
RCX=0x0000000109c37820: jni_NativeInterface+0 in /Library/Java/JavaVirtualMachines/jdk1.8.0_191.jdk/Contents/Home/jre/lib/server/libjvm.dylib at 0x0000000109400000
RDX=0x0000000000000000 is an unknown value
RSP=0x00007ffee7989df0 is an unknown value
RBP=0x00007ffee7989e00 is an unknown value
RSI=0x0000000000000006 is an unknown value
RDI=0x00007ffee7989e10 is an unknown value
R8 =0x0000000000000000 is an unknown value
R9 =0x0000000000000000 is an unknown value
R10=0x00007fff8e797ed8: OBJC_CLASS_$_JNFWeakJObjectWrapper+0 in /System/Library/Frameworks/JavaVM.framework/Versions/A/Frameworks/JavaNativeFoundation.framework/Versions/A/JavaNativeFoundation at 0x00007fff36d57000
R11=0x00007fa223c1bbd0 is an unknown value
R12=0x00007fa21f13b9f8 is an unknown value
R13=0x00007fa21e704ed0 is an unknown value
R14=0x00007fa223b79048 is a weak global jni handle
R15=0x00007fa21f13b9f8 is an unknown value


Stack: [0x00007ffee718e000,0x00007ffee798e000],  sp=0x00007ffee7989df0,  free space=8175k
Native frames: (J=compiled Java code, j=interpreted, Vv=VM code, C=native code)
V  [libjvm.dylib+0x16a6c6]
V  [libjvm.dylib+0x316356]
C  [JavaNativeFoundation+0x6ed1]  -[JNFWeakJObjectWrapper _getWithEnv:]+0x26
C  [JavaNativeFoundation+0x6ce4]  -[JNFJObjectWrapper jObjectWithEnv:]+0x16
C  [libawt_lwawt.dylib+0x1abbb]  -[CGLLayer drawInCGLContext:pixelFormat:forLayerTime:displayTime:]+0xa4
C  [QuartzCore+0xb38a9]  _ZL17CAOpenGLLayerDrawP13CAOpenGLLayerdPK11CVTimeStampj+0x79d
C  [QuartzCore+0xb2ea1]  -[CAOpenGLLayer _display]+0x244
C  [QuartzCore+0x15055]  _ZN2CA5Layer17display_if_neededEPNS_11TransactionE+0x273
C  [QuartzCore+0x327a]  _ZN2CA7Context18commit_transactionEPNS_11TransactionE+0x156
C  [QuartzCore+0x28c2]  _ZN2CA11Transaction6commitEv+0x24c
C  [QuartzCore+0x25ca]  _ZN2CA11Transaction17observer_callbackEP19__CFRunLoopObservermPv+0x42
C  [CoreFoundation+0x98928]  __CFRUNLOOP_IS_CALLING_OUT_TO_AN_OBSERVER_CALLBACK_FUNCTION__+0x17
C  [CoreFoundation+0x9885d]  __CFRunLoopDoObservers+0x1c3
C  [CoreFoundation+0x3b0a7]  __CFRunLoopRun+0x597
C  [CoreFoundation+0x3a8be]  CFRunLoopRunSpecific+0x1c7
C  [java+0x646e]  CreateExecutionEnvironment+0x367
C  [java+0x203c]  JLI_Launch+0x7a0
C  [java+0x84cb]  main+0x65
C  [java+0x1894]  start+0x34


---------------  P R O C E S S  ---------------

VM state:synchronizing (normal execution)

VM Mutex/Monitor currently owned by a thread:  ([mutex/lock_event])
[0x00007fa21e000b00] Safepoint_lock - owner thread: 0x00007fa21e804000
[0x00007fa21e000b80] Threads_lock - owner thread: 0x00007fa21e804000

Heap:
 PSYoungGen      total 485376K, used 332609K [0x0000000795580000, 0x00000007bf980000, 0x00000007c0000000)
  eden space 281600K, 91% used [0x0000000795580000,0x00000007a5180690,0x00000007a6880000)
  from space 203776K, 36% used [0x00000007b2800000,0x00000007b70d0000,0x00000007bef00000)
  to   space 196096K, 0% used [0x00000007a6880000,0x00000007a6880000,0x00000007b2800000)
 ParOldGen       total 578560K, used 505440K [0x0000000740000000, 0x0000000763500000, 0x0000000795580000)
  object space 578560K, 87% used [0x0000000740000000,0x000000075ed98290,0x0000000763500000)
 Metaspace       used 27243K, capacity 28230K, committed 28416K, reserved 1073152K
  class space    used 3544K, capacity 3799K, committed 3840K, reserved 1048576K

Card table byte_map: [0x000000010a774000,0x000000010ab75000] byte_map_base: 0x0000000106d74000

Marking Bits: (ParMarkBitMap*) 0x0000000109cf9e00
 Begin Bits: [0x000000011baa4000, 0x000000011daa4000)
 End Bits:   [0x000000011daa4000, 0x000000011faa4000)

Polling page: 0x00000001082ef000

CodeCache: size=245760Kb used=14767Kb max_used=14774Kb free=230992Kb
 bounds [0x000000010caa4000, 0x000000010d934000, 0x000000011baa4000]
 total_blobs=5623 nmethods=4721 adapters=815
 compilation: enabled

Compilation events (10 events):
Event: 485.897 Thread 0x00007fa21f037800 nmethod 5539 0x000000010cec7d50 code [0x000000010cec7ea0, 0x000000010cec8010]
Event: 485.898 Thread 0x00007fa21f037800 5540       3       org.jfree.data.general.AbstractSeriesDataset::indexOf (34 bytes)
Event: 485.898 Thread 0x00007fa21f037800 nmethod 5540 0x000000010cc4fe50 code [0x000000010cc50000, 0x000000010cc504a8]
Event: 485.926 Thread 0x00007fa21f037800 5541       1       org.jfree.chart.JFreeChart::getPlot (5 bytes)
Event: 485.926 Thread 0x00007fa21f037800 nmethod 5541 0x000000010cbff490 code [0x000000010cbff5e0, 0x000000010cbff6f0]
Event: 485.976 Thread 0x00007fa21f037800 5542   !   3       sun.dc.pr.Rasterizer::getAlpha (76 bytes)
Event: 485.976 Thread 0x00007fa21f037800 nmethod 5542 0x000000010d8f5650 code [0x000000010d8f5880, 0x000000010d8f64e8]
Event: 485.977 Thread 0x00007fa21f037800 5543       3       sun.dc.pr.PathFiller::writeAlpha (10 bytes)
Event: 485.977 Thread 0x00007fa21f037800 nmethod 5543 0x000000010d3e5610 code [0x000000010d3e5780, 0x000000010d3e5908]
Event: 485.977 Thread 0x00007fa21f037800 5545       3       sun.java2d.pipe.AlphaColorPipe::renderPathTile (39 bytes)

GC Heap History (10 events):
Event: 483.853 GC heap before
{Heap before GC invocations=110 (full 9):
 PSYoungGen      total 442880K, used 442880K [0x0000000795580000, 0x00000007bf800000, 0x00000007c0000000)
  eden space 276480K, 100% used [0x0000000795580000,0x00000007a6380000,0x00000007a6380000)
  from space 166400K, 100% used [0x00000007b2000000,0x00000007bc280000,0x00000007bc280000)
  to   space 193024K, 0% used [0x00000007a6380000,0x00000007a6380000,0x00000007b2000000)
 ParOldGen       total 424960K, used 305487K [0x0000000740000000, 0x0000000759f00000, 0x0000000795580000)
  object space 424960K, 71% used [0x0000000740000000,0x0000000752a53d20,0x0000000759f00000)
 Metaspace       used 27206K, capacity 28140K, committed 28416K, reserved 1073152K
  class space    used 3540K, capacity 3792K, committed 3840K, reserved 1048576K
Event: 484.051 GC heap after
Heap after GC invocations=110 (full 9):
 PSYoungGen      total 469504K, used 156448K [0x0000000795580000, 0x00000007c0000000, 0x00000007c0000000)
  eden space 276480K, 0% used [0x0000000795580000,0x0000000795580000,0x00000007a6380000)
  from space 193024K, 81% used [0x00000007a6380000,0x00000007afc48000,0x00000007b2000000)
  to   space 209920K, 0% used [0x00000007b3300000,0x00000007b3300000,0x00000007c0000000)
 ParOldGen       total 424960K, used 343343K [0x0000000740000000, 0x0000000759f00000, 0x0000000795580000)
  object space 424960K, 80% used [0x0000000740000000,0x0000000754f4bd20,0x0000000759f00000)
 Metaspace       used 27206K, capacity 28140K, committed 28416K, reserved 1073152K
  class space    used 3540K, capacity 3792K, committed 3840K, reserved 1048576K
}
Event: 484.145 GC heap before
{Heap before GC invocations=111 (full 9):
 PSYoungGen      total 469504K, used 432928K [0x0000000795580000, 0x00000007c0000000, 0x00000007c0000000)
  eden space 276480K, 100% used [0x0000000795580000,0x00000007a6380000,0x00000007a6380000)
  from space 193024K, 81% used [0x00000007a6380000,0x00000007afc48000,0x00000007b2000000)
  to   space 209920K, 0% used [0x00000007b3300000,0x00000007b3300000,0x00000007c0000000)
 ParOldGen       total 424960K, used 343343K [0x0000000740000000, 0x0000000759f00000, 0x0000000795580000)
  object space 424960K, 80% used [0x0000000740000000,0x0000000754f4bd20,0x0000000759f00000)
 Metaspace       used 27206K, capacity 28140K, committed 28416K, reserved 1073152K
  class space    used 3540K, capacity 3792K, committed 3840K, reserved 1048576K
Event: 484.335 GC heap after
Heap after GC invocations=111 (full 9):
 PSYoungGen      total 478720K, used 135808K [0x0000000795580000, 0x00000007c0000000, 0x00000007c0000000)
  eden space 268800K, 0% used [0x0000000795580000,0x0000000795580000,0x00000007a5c00000)
  from space 209920K, 64% used [0x00000007b3300000,0x00000007bb7a0000,0x00000007c0000000)
  to   space 215040K, 0% used [0x00000007a5c00000,0x00000007a5c00000,0x00000007b2e00000)
 ParOldGen       total 424960K, used 391743K [0x0000000740000000, 0x0000000759f00000, 0x0000000795580000)
  object space 424960K, 92% used [0x0000000740000000,0x0000000757e8fd20,0x0000000759f00000)
 Metaspace       used 27206K, capacity 28140K, committed 28416K, reserved 1073152K
  class space    used 3540K, capacity 3792K, committed 3840K, reserved 1048576K
}
Event: 484.335 GC heap before
{Heap before GC invocations=112 (full 10):
 PSYoungGen      total 478720K, used 135808K [0x0000000795580000, 0x00000007c0000000, 0x00000007c0000000)
  eden space 268800K, 0% used [0x0000000795580000,0x0000000795580000,0x00000007a5c00000)
  from space 209920K, 64% used [0x00000007b3300000,0x00000007bb7a0000,0x00000007c0000000)
  to   space 215040K, 0% used [0x00000007a5c00000,0x00000007a5c00000,0x00000007b2e00000)
 ParOldGen       total 424960K, used 391743K [0x0000000740000000, 0x0000000759f00000, 0x0000000795580000)
  object space 424960K, 92% used [0x0000000740000000,0x0000000757e8fd20,0x0000000759f00000)
 Metaspace       used 27206K, capacity 28140K, committed 28416K, reserved 1073152K
  class space    used 3540K, capacity 3792K, committed 3840K, reserved 1048576K
Event: 485.441 GC heap after
Heap after GC invocations=112 (full 10):
 PSYoungGen      total 478720K, used 101241K [0x0000000795580000, 0x00000007c0000000, 0x00000007c0000000)
  eden space 268800K, 0% used [0x0000000795580000,0x0000000795580000,0x00000007a5c00000)
  from space 209920K, 48% used [0x00000007b3300000,0x00000007b95de620,0x00000007c0000000)
  to   space 215040K, 0% used [0x00000007a5c00000,0x00000007a5c00000,0x00000007b2e00000)
 ParOldGen       total 578560K, used 424936K [0x0000000740000000, 0x0000000763500000, 0x0000000795580000)
  object space 578560K, 73% used [0x0000000740000000,0x0000000759efa290,0x0000000763500000)
 Metaspace       used 27206K, capacity 28140K, committed 28416K, reserved 1073152K
  class space    used 3540K, capacity 3792K, committed 3840K, reserved 1048576K
}
Event: 485.534 GC heap before
{Heap before GC invocations=113 (full 10):
 PSYoungGen      total 478720K, used 370041K [0x0000000795580000, 0x00000007c0000000, 0x00000007c0000000)
  eden space 268800K, 100% used [0x0000000795580000,0x00000007a5c00000,0x00000007a5c00000)
  from space 209920K, 48% used [0x00000007b3300000,0x00000007b95de620,0x00000007c0000000)
  to   space 215040K, 0% used [0x00000007a5c00000,0x00000007a5c00000,0x00000007b2e00000)
 ParOldGen       total 578560K, used 424936K [0x0000000740000000, 0x0000000763500000, 0x0000000795580000)
  object space 578560K, 73% used [0x0000000740000000,0x0000000759efa290,0x0000000763500000)
 Metaspace       used 27227K, capacity 28166K, committed 28416K, reserved 1073152K
  class space    used 3544K, capacity 3799K, committed 3840K, reserved 1048576K
Event: 485.695 GC heap after
Heap after GC invocations=113 (full 10):
 PSYoungGen      total 356352K, used 87520K [0x0000000795580000, 0x00000007bef00000, 0x00000007c0000000)
  eden space 268800K, 0% used [0x0000000795580000,0x0000000795580000,0x00000007a5c00000)
  from space 87552K, 99% used [0x00000007a5c00000,0x00000007ab178000,0x00000007ab180000)
  to   space 203776K, 0% used [0x00000007b2800000,0x00000007b2800000,0x00000007bef00000)
 ParOldGen       total 578560K, used 465488K [0x0000000740000000, 0x0000000763500000, 0x0000000795580000)
  object space 578560K, 80% used [0x0000000740000000,0x000000075c694290,0x0000000763500000)
 Metaspace       used 27227K, capacity 28166K, committed 28416K, reserved 1073152K
  class space    used 3544K, capacity 3799K, committed 3840K, reserved 1048576K
}
Event: 485.786 GC heap before
{Heap before GC invocations=114 (full 10):
 PSYoungGen      total 356352K, used 356320K [0x0000000795580000, 0x00000007bef00000, 0x00000007c0000000)
  eden space 268800K, 100% used [0x0000000795580000,0x00000007a5c00000,0x00000007a5c00000)
  from space 87552K, 99% used [0x00000007a5c00000,0x00000007ab178000,0x00000007ab180000)
  to   space 203776K, 0% used [0x00000007b2800000,0x00000007b2800000,0x00000007bef00000)
 ParOldGen       total 578560K, used 465488K [0x0000000740000000, 0x0000000763500000, 0x0000000795580000)
  object space 578560K, 80% used [0x0000000740000000,0x000000075c694290,0x0000000763500000)
 Metaspace       used 27241K, capacity 28230K, committed 28416K, reserved 1073152K
  class space    used 3544K, capacity 3799K, committed 3840K, reserved 1048576K
Event: 485.897 GC heap after
Heap after GC invocations=114 (full 10):
 PSYoungGen      total 485376K, used 74560K [0x0000000795580000, 0x00000007bf980000, 0x00000007c0000000)
  eden space 281600K, 0% used [0x0000000795580000,0x0000000795580000,0x00000007a6880000)
  from space 203776K, 36% used [0x00000007b2800000,0x00000007b70d0000,0x00000007bef00000)
  to   space 196096K, 0% used [0x00000007a6880000,0x00000007a6880000,0x00000007b2800000)
 ParOldGen       total 578560K, used 505440K [0x0000000740000000, 0x0000000763500000, 0x0000000795580000)
  object space 578560K, 87% used [0x0000000740000000,0x000000075ed98290,0x0000000763500000)
 Metaspace       used 27241K, capacity 28230K, committed 28416K, reserved 1073152K
  class space    used 3544K, capacity 3799K, committed 3840K, reserved 1048576K
}

Deoptimization events (10 events):
Event: 480.290 Thread 0x00007fa21fb77000 Uncommon trap: reason=speculate_class_check action=maybe_recompile pc=0x000000010d801d3c method=java.awt.geom.RectangularShape.getMinY()D @ 1
Event: 480.290 Thread 0x00007fa21fb77000 Uncommon trap: reason=unstable_if action=reinterpret pc=0x000000010d8a0764 method=java.text.DecimalFormat.fastFormat(D)Ljava/lang/String; @ 18
Event: 480.290 Thread 0x00007fa21fb77000 Uncommon trap: reason=unstable_if action=reinterpret pc=0x000000010d89f1bc method=java.text.NumberFormat.format(D)Ljava/lang/String; @ 7
Event: 480.291 Thread 0x00007fa21fb77000 Uncommon trap: reason=class_check action=maybe_recompile pc=0x000000010d854c04 method=java.awt.geom.RectangularShape.getMaxX()D @ 1
Event: 480.291 Thread 0x00007fa21fb77000 Uncommon trap: reason=class_check action=maybe_recompile pc=0x000000010d854c04 method=java.awt.geom.RectangularShape.getMaxX()D @ 1
Event: 480.292 Thread 0x00007fa21fb77000 Uncommon trap: reason=class_check action=maybe_recompile pc=0x000000010d80eeb8 method=java.awt.geom.RectangularShape.getMinX()D @ 1
Event: 480.292 Thread 0x00007fa21fb77000 Uncommon trap: reason=class_check action=maybe_recompile pc=0x000000010d813fb8 method=java.awt.geom.RectangularShape.getMinY()D @ 1
Event: 480.292 Thread 0x00007fa21fb77000 Uncommon trap: reason=class_check action=maybe_recompile pc=0x000000010d80e584 method=sun.java2d.SunGraphics2D.draw(Ljava/awt/Shape;)V @ 6
Event: 480.295 Thread 0x00007fa21fb77000 Uncommon trap: reason=unstable_if action=reinterpret pc=0x000000010d81bf58 method=org.jfree.chart.renderer.xy.XYLineAndShapeRenderer.drawPrimaryLine(Lorg/jfree/chart/renderer/xy/XYItemRendererState;Ljava/awt/Graphics2D;Lorg/jfree/chart/plot/XYPlot;Lorg/jf
Event: 485.474 Thread 0x00007fa220163800 Uncommon trap: reason=unstable_if action=reinterpret pc=0x000000010d6ee5a8 method=java.security.AccessControlContext.optimize()Ljava/security/AccessControlContext; @ 49

Classes redefined (0 events):
No events

Internal exceptions (10 events):
Event: 0.635 Thread 0x00007fa21f13b800 Implicit null exception at 0x000000010cd51935 to 0x000000010cd51b6d
Event: 415.673 Thread 0x00007fa21d071000 Implicit null exception at 0x000000010d07e57c to 0x000000010d07e655
Event: 415.681 Thread 0x00007fa21d071000 Exception <a 'java/io/FileNotFoundException'> (0x0000000795605a78) thrown at [/Users/java_re/workspace/8-2-build-macosx-x86_64/jdk8u191/11896/hotspot/src/share/vm/prims/jni.cpp, line 709]
Event: 415.681 Thread 0x00007fa21d071000 Exception <a 'java/io/FileNotFoundException'> (0x0000000795606620) thrown at [/Users/java_re/workspace/8-2-build-macosx-x86_64/jdk8u191/11896/hotspot/src/share/vm/prims/jni.cpp, line 709]
Event: 417.189 Thread 0x00007fa21d071000 Implicit null exception at 0x000000010cd42cb5 to 0x000000010cd43071
Event: 417.190 Thread 0x00007fa21d071000 Implicit null exception at 0x000000010ccc8576 to 0x000000010ccc8935
Event: 432.277 Thread 0x00007fa21d00b800 Exception <a 'java/lang/NullPointerException'> (0x00000007955d0860) thrown at [/Users/java_re/workspace/8-2-build-macosx-x86_64/jdk8u191/11896/hotspot/src/share/vm/interpreter/linkResolver.cpp, line 1185]
Event: 432.277 Thread 0x00007fa21d00b800 Exception <a 'java/lang/NullPointerException'> (0x00000007955d0a68) thrown at [/Users/java_re/workspace/8-2-build-macosx-x86_64/jdk8u191/11896/hotspot/src/share/vm/interpreter/linkResolver.cpp, line 1185]
Event: 473.440 Thread 0x00007fa21d071000 Implicit null exception at 0x000000010cc16520 to 0x000000010cc165fa
Event: 485.474 Thread 0x00007fa220163800 Implicit null exception at 0x000000010d6ee030 to 0x000000010d6ee591

Events (10 events):
Event: 485.474 Thread 0x00007fa220163800 DEOPT PACKING pc=0x000000010d6ee5a8 sp=0x000070000dca2700
Event: 485.474 Thread 0x00007fa220163800 DEOPT UNPACKING pc=0x000000010cae973a sp=0x000070000dca26c8 mode 2
Event: 485.529 Executing VM operation: ParallelGCFailedAllocation
Event: 485.695 Executing VM operation: ParallelGCFailedAllocation done
Event: 485.696 Thread 0x00007fa21f037800 flushing nmethod 0x000000010cec7d50
Event: 485.776 Executing VM operation: ParallelGCFailedAllocation
Event: 485.897 Executing VM operation: ParallelGCFailedAllocation done
Event: 485.898 Thread 0x00007fa21f037800 flushing nmethod 0x000000010d24fa50
Event: 485.926 Thread 0x00007fa21f037800 flushing nmethod 0x000000010d35b5d0
Event: 485.976 Thread 0x00007fa21f037800 flushing nmethod 0x000000010d3e5750


Dynamic libraries:
0x00007fff32415000 	/System/Library/Frameworks/Cocoa.framework/Versions/A/Cocoa
0x00007fff3e12d000 	/System/Library/Frameworks/Security.framework/Versions/A/Security
0x00007fff310aa000 	/System/Library/Frameworks/ApplicationServices.framework/Versions/A/ApplicationServices
0x00007fff5e1ef000 	/usr/lib/libz.1.dylib
0x00007fff5bb49000 	/usr/lib/libSystem.B.dylib
0x00007fff5d380000 	/usr/lib/libobjc.A.dylib
0x00007fff32bfd000 	/System/Library/Frameworks/CoreFoundation.framework/Versions/A/CoreFoundation
0x00007fff34e7f000 	/System/Library/Frameworks/Foundation.framework/Versions/C/Foundation
0x00007fff302a3000 	/System/Library/Frameworks/AppKit.framework/Versions/C/AppKit
0x00007fff32790000 	/System/Library/Frameworks/CoreData.framework/Versions/A/CoreData
0x00007fff5561c000 	/System/Library/PrivateFrameworks/RemoteViewServices.framework/Versions/A/RemoteViewServices
0x00007fff59889000 	/System/Library/PrivateFrameworks/UIFoundation.framework/Versions/A/UIFoundation
0x00007fff5af6b000 	/System/Library/PrivateFrameworks/XCTTargetBootstrap.framework/Versions/A/XCTTargetBootstrap
0x00007fff32b15000 	/System/Library/Frameworks/CoreDisplay.framework/Versions/A/CoreDisplay
0x00007fff50373000 	/System/Library/PrivateFrameworks/IconServices.framework/Versions/A/IconServices
0x00007fff377a3000 	/System/Library/Frameworks/Metal.framework/Versions/A/Metal
0x00007fff478ee000 	/System/Library/PrivateFrameworks/DesktopServicesPriv.framework/Versions/A/DesktopServicesPriv
0x00007fff5c6e3000 	/usr/lib/libenergytrace.dylib
0x00007fff57d72000 	/System/Library/PrivateFrameworks/SkyLight.framework/Versions/A/SkyLight
0x00007fff33043000 	/System/Library/Frameworks/CoreGraphics.framework/Versions/A/CoreGraphics
0x00007fff2f06f000 	/System/Library/Frameworks/Accelerate.framework/Versions/A/Accelerate
0x00007fff355c7000 	/System/Library/Frameworks/IOSurface.framework/Versions/A/IOSurface
0x00007fff4775a000 	/System/Library/PrivateFrameworks/DFRFoundation.framework/Versions/A/DFRFoundation
0x00007fff3158d000 	/System/Library/Frameworks/AudioToolbox.framework/Versions/A/AudioToolbox
0x00007fff31806000 	/System/Library/Frameworks/AudioUnit.framework/Versions/A/AudioUnit
0x00007fff477ef000 	/System/Library/PrivateFrameworks/DataDetectorsCore.framework/Versions/A/DataDetectorsCore
0x00007fff31f19000 	/System/Library/Frameworks/Carbon.framework/Versions/A/Frameworks/HIToolbox.framework/Versions/A/HIToolbox
0x00007fff5c83c000 	/usr/lib/libicucore.A.dylib
0x00007fff3d6a2000 	/System/Library/Frameworks/QuartzCore.framework/Versions/A/QuartzCore
0x00007fff322ed000 	/System/Library/Frameworks/Carbon.framework/Versions/A/Frameworks/SpeechRecognition.framework/Versions/A/SpeechRecognition
0x00007fff5bc9d000 	/usr/lib/libauto.dylib
0x00007fff5e0e3000 	/usr/lib/libxml2.2.dylib
0x00007fff47337000 	/System/Library/PrivateFrameworks/CoreUI.framework/Versions/A/CoreUI
0x00007fff3267b000 	/System/Library/Frameworks/CoreAudio.framework/Versions/A/CoreAudio
0x00007fff34cb4000 	/System/Library/Frameworks/DiskArbitration.framework/Versions/A/DiskArbitration
0x00007fff5caea000 	/usr/lib/liblangid.dylib
0x00007fff51781000 	/System/Library/PrivateFrameworks/MultitouchSupport.framework/Versions/A/MultitouchSupport
0x00007fff35536000 	/System/Library/Frameworks/IOKit.framework/Versions/A/IOKit
0x00007fff5b70a000 	/usr/lib/libDiagnosticMessagesClient.dylib
0x00007fff33e52000 	/System/Library/Frameworks/CoreServices.framework/Versions/A/CoreServices
0x00007fff53428000 	/System/Library/PrivateFrameworks/PerformanceAnalysis.framework/Versions/A/PerformanceAnalysis
0x00007fff3c890000 	/System/Library/Frameworks/OpenGL.framework/Versions/A/OpenGL
0x00007fff32423000 	/System/Library/Frameworks/ColorSync.framework/Versions/A/ColorSync
0x00007fff336d4000 	/System/Library/Frameworks/CoreImage.framework/Versions/A/CoreImage
0x00007fff3482b000 	/System/Library/Frameworks/CoreText.framework/Versions/A/CoreText
0x00007fff3562a000 	/System/Library/Frameworks/ImageIO.framework/Versions/A/ImageIO
0x00007fff4398c000 	/System/Library/PrivateFrameworks/Backup.framework/Versions/A/Backup
0x00007fff5bbf0000 	/usr/lib/libarchive.2.dylib
0x00007fff31b5e000 	/System/Library/Frameworks/CFNetwork.framework/Versions/A/CFNetwork
0x00007fff3e887000 	/System/Library/Frameworks/SystemConfiguration.framework/Versions/A/SystemConfiguration
0x00007fff5b63b000 	/usr/lib/libCRFSuite.dylib
0x00007fff5bd8c000 	/usr/lib/libc++.1.dylib
0x00007fff5bde0000 	/usr/lib/libc++abi.dylib
0x00007fff5e9e5000 	/usr/lib/system/libcache.dylib
0x00007fff5e9ea000 	/usr/lib/system/libcommonCrypto.dylib
0x00007fff5e9f5000 	/usr/lib/system/libcompiler_rt.dylib
0x00007fff5e9fd000 	/usr/lib/system/libcopyfile.dylib
0x00007fff5ea07000 	/usr/lib/system/libcorecrypto.dylib
0x00007fff5eb12000 	/usr/lib/system/libdispatch.dylib
0x00007fff5eb4c000 	/usr/lib/system/libdyld.dylib
0x00007fff5eb79000 	/usr/lib/system/libkeymgr.dylib
0x00007fff5eb87000 	/usr/lib/system/liblaunch.dylib
0x00007fff5eb88000 	/usr/lib/system/libmacho.dylib
0x00007fff5eb8e000 	/usr/lib/system/libquarantine.dylib
0x00007fff5eb91000 	/usr/lib/system/libremovefile.dylib
0x00007fff5eb93000 	/usr/lib/system/libsystem_asl.dylib
0x00007fff5ebab000 	/usr/lib/system/libsystem_blocks.dylib
0x00007fff5ebac000 	/usr/lib/system/libsystem_c.dylib
0x00007fff5ec34000 	/usr/lib/system/libsystem_configuration.dylib
0x00007fff5ec38000 	/usr/lib/system/libsystem_coreservices.dylib
0x00007fff5ec3c000 	/usr/lib/system/libsystem_darwin.dylib
0x00007fff5ec43000 	/usr/lib/system/libsystem_dnssd.dylib
0x00007fff5ec4a000 	/usr/lib/system/libsystem_info.dylib
0x00007fff5ecbf000 	/usr/lib/system/libsystem_m.dylib
0x00007fff5ed0b000 	/usr/lib/system/libsystem_malloc.dylib
0x00007fff5ed36000 	/usr/lib/system/libsystem_networkextension.dylib
0x00007fff5ed41000 	/usr/lib/system/libsystem_notify.dylib
0x00007fff5ed5e000 	/usr/lib/system/libsystem_sandbox.dylib
0x00007fff5ed62000 	/usr/lib/system/libsystem_secinit.dylib
0x00007fff5ec96000 	/usr/lib/system/libsystem_kernel.dylib
0x00007fff5ed49000 	/usr/lib/system/libsystem_platform.dylib
0x00007fff5ed53000 	/usr/lib/system/libsystem_pthread.dylib
0x00007fff5ed65000 	/usr/lib/system/libsystem_symptoms.dylib
0x00007fff5ed6d000 	/usr/lib/system/libsystem_trace.dylib
0x00007fff5ed84000 	/usr/lib/system/libunwind.dylib
0x00007fff5ed8a000 	/usr/lib/system/libxpc.dylib
0x00007fff5bd6d000 	/usr/lib/libbsm.0.dylib
0x00007fff5eb7a000 	/usr/lib/system/libkxld.dylib
0x00007fff42d7d000 	/System/Library/PrivateFrameworks/AppleFSCompression.framework/Versions/A/AppleFSCompression
0x00007fff5ba09000 	/usr/lib/libOpenScriptingUtil.dylib
0x00007fff5c095000 	/usr/lib/libcoretls.dylib
0x00007fff5c0ac000 	/usr/lib/libcoretls_cfhelpers.dylib
0x00007fff5db17000 	/usr/lib/libpam.2.dylib
0x00007fff5dcd7000 	/usr/lib/libsqlite3.dylib
0x00007fff5e0d1000 	/usr/lib/libxar.1.dylib
0x00007fff5bd7e000 	/usr/lib/libbz2.1.0.dylib
0x00007fff5caec000 	/usr/lib/liblzma.5.dylib
0x00007fff5cf9d000 	/usr/lib/libnetwork.dylib
0x00007fff5bbd9000 	/usr/lib/libapple_nghttp2.dylib
0x00007fff5db1e000 	/usr/lib/libpcap.A.dylib
0x00007fff341f1000 	/System/Library/Frameworks/CoreServices.framework/Versions/A/Frameworks/FSEvents.framework/Versions/A/FSEvents
0x00007fff33ed0000 	/System/Library/Frameworks/CoreServices.framework/Versions/A/Frameworks/CarbonCore.framework/Versions/A/CarbonCore
0x00007fff343ad000 	/System/Library/Frameworks/CoreServices.framework/Versions/A/Frameworks/Metadata.framework/Versions/A/Metadata
0x00007fff3444c000 	/System/Library/Frameworks/CoreServices.framework/Versions/A/Frameworks/OSServices.framework/Versions/A/OSServices
0x00007fff34497000 	/System/Library/Frameworks/CoreServices.framework/Versions/A/Frameworks/SearchKit.framework/Versions/A/SearchKit
0x00007fff33e53000 	/System/Library/Frameworks/CoreServices.framework/Versions/A/Frameworks/AE.framework/Versions/A/AE
0x00007fff341fa000 	/System/Library/Frameworks/CoreServices.framework/Versions/A/Frameworks/LaunchServices.framework/Versions/A/LaunchServices
0x00007fff341a8000 	/System/Library/Frameworks/CoreServices.framework/Versions/A/Frameworks/DictionaryServices.framework/Versions/A/DictionaryServices
0x00007fff344ff000 	/System/Library/Frameworks/CoreServices.framework/Versions/A/Frameworks/SharedFileList.framework/Versions/A/SharedFileList
0x00007fff3886b000 	/System/Library/Frameworks/NetFS.framework/Versions/A/NetFS
0x00007fff519e7000 	/System/Library/PrivateFrameworks/NetAuth.framework/Versions/A/NetAuth
0x00007fff5b36f000 	/System/Library/PrivateFrameworks/login.framework/Versions/A/Frameworks/loginsupport.framework/Versions/A/loginsupport
0x00007fff59492000 	/System/Library/PrivateFrameworks/TCC.framework/Versions/A/TCC
0x00007fff46994000 	/System/Library/PrivateFrameworks/CoreNLP.framework/Versions/A/CoreNLP
0x00007fff5147a000 	/System/Library/PrivateFrameworks/MetadataUtilities.framework/Versions/A/MetadataUtilities
0x00007fff5cbc1000 	/usr/lib/libmecabra.dylib
0x00007fff310ab000 	/System/Library/Frameworks/ApplicationServices.framework/Versions/A/Frameworks/ATS.framework/Versions/A/ATS
0x00007fff313fa000 	/System/Library/Frameworks/ApplicationServices.framework/Versions/A/Frameworks/ColorSyncLegacy.framework/Versions/A/ColorSyncLegacy
0x00007fff31499000 	/System/Library/Frameworks/ApplicationServices.framework/Versions/A/Frameworks/HIServices.framework/Versions/A/HIServices
0x00007fff314ec000 	/System/Library/Frameworks/ApplicationServices.framework/Versions/A/Frameworks/LangAnalysis.framework/Versions/A/LangAnalysis
0x00007fff314fc000 	/System/Library/Frameworks/ApplicationServices.framework/Versions/A/Frameworks/PrintCore.framework/Versions/A/PrintCore
0x00007fff31546000 	/System/Library/Frameworks/ApplicationServices.framework/Versions/A/Frameworks/QD.framework/Versions/A/QD
0x00007fff31580000 	/System/Library/Frameworks/ApplicationServices.framework/Versions/A/Frameworks/SpeechSynthesis.framework/Versions/A/SpeechSynthesis
0x00007fff5be08000 	/usr/lib/libcompression.dylib
0x00007fff37a73000 	/System/Library/Frameworks/MetalPerformanceShaders.framework/Versions/A/MetalPerformanceShaders
0x00007fff2f087000 	/System/Library/Frameworks/Accelerate.framework/Versions/A/Frameworks/vImage.framework/Versions/A/vImage
0x00007fff30101000 	/System/Library/Frameworks/Accelerate.framework/Versions/A/Frameworks/vecLib.framework/Versions/A/vecLib
0x00007fff3004d000 	/System/Library/Frameworks/Accelerate.framework/Versions/A/Frameworks/vecLib.framework/Versions/A/libvMisc.dylib
0x00007fff2fe65000 	/System/Library/Frameworks/Accelerate.framework/Versions/A/Frameworks/vecLib.framework/Versions/A/libvDSP.dylib
0x00007fff2f721000 	/System/Library/Frameworks/Accelerate.framework/Versions/A/Frameworks/vecLib.framework/Versions/A/libBLAS.dylib
0x00007fff2fa0e000 	/System/Library/Frameworks/Accelerate.framework/Versions/A/Frameworks/vecLib.framework/Versions/A/libLAPACK.dylib
0x00007fff2fdb8000 	/System/Library/Frameworks/Accelerate.framework/Versions/A/Frameworks/vecLib.framework/Versions/A/libLinearAlgebra.dylib
0x00007fff2fe51000 	/System/Library/Frameworks/Accelerate.framework/Versions/A/Frameworks/vecLib.framework/Versions/A/libSparseBLAS.dylib
0x00007fff2fdce000 	/System/Library/Frameworks/Accelerate.framework/Versions/A/Frameworks/vecLib.framework/Versions/A/libQuadrature.dylib
0x00007fff2f99b000 	/System/Library/Frameworks/Accelerate.framework/Versions/A/Frameworks/vecLib.framework/Versions/A/libBNNS.dylib
0x00007fff2fdd4000 	/System/Library/Frameworks/Accelerate.framework/Versions/A/Frameworks/vecLib.framework/Versions/A/libSparse.dylib
0x00007fff4dcd6000 	/System/Library/PrivateFrameworks/GPUWrangler.framework/Versions/A/GPUWrangler
0x00007fff4ffa8000 	/System/Library/PrivateFrameworks/IOAccelerator.framework/Versions/A/IOAccelerator
0x00007fff4ffb3000 	/System/Library/PrivateFrameworks/IOPresentment.framework/Versions/A/IOPresentment
0x00007fff4776a000 	/System/Library/PrivateFrameworks/DSExternalDisplay.framework/Versions/A/DSExternalDisplay
0x00007fff3bce7000 	/System/Library/Frameworks/OpenGL.framework/Versions/A/Libraries/libCoreFSCache.dylib
0x00007fff37867000 	/System/Library/Frameworks/MetalPerformanceShaders.framework/Frameworks/MPSCore.framework/Versions/A/MPSCore
0x00007fff37887000 	/System/Library/Frameworks/MetalPerformanceShaders.framework/Frameworks/MPSImage.framework/Versions/A/MPSImage
0x00007fff3792c000 	/System/Library/Frameworks/MetalPerformanceShaders.framework/Frameworks/MPSNeuralNetwork.framework/Versions/A/MPSNeuralNetwork
0x00007fff37904000 	/System/Library/Frameworks/MetalPerformanceShaders.framework/Frameworks/MPSMatrix.framework/Versions/A/MPSMatrix
0x00007fff37a58000 	/System/Library/Frameworks/MetalPerformanceShaders.framework/Frameworks/MPSRayIntersector.framework/Versions/A/MPSRayIntersector
0x00007fff514a3000 	/System/Library/PrivateFrameworks/MetalTools.framework/Versions/A/MetalTools
0x00007fff4262a000 	/System/Library/PrivateFrameworks/AggregateDictionary.framework/Versions/A/AggregateDictionary
0x00007fff5b9ea000 	/usr/lib/libMobileGestalt.dylib
0x00007fff3498e000 	/System/Library/Frameworks/CoreVideo.framework/Versions/A/CoreVideo
0x00007fff4eae6000 	/System/Library/PrivateFrameworks/GraphVisualizer.framework/Versions/A/GraphVisualizer
0x00007fff48966000 	/System/Library/PrivateFrameworks/FaceCore.framework/Versions/A/FaceCore
0x00007fff3b315000 	/System/Library/Frameworks/OpenCL.framework/Versions/A/OpenCL
0x00007fff5b742000 	/usr/lib/libFosl_dynamic.dylib
0x00007fff52252000 	/System/Library/PrivateFrameworks/OTSVG.framework/Versions/A/OTSVG
0x00007fff311af000 	/System/Library/Frameworks/ApplicationServices.framework/Versions/A/Frameworks/ATS.framework/Versions/A/Resources/libFontParser.dylib
0x00007fff312c7000 	/System/Library/Frameworks/ApplicationServices.framework/Versions/A/Frameworks/ATS.framework/Versions/A/Resources/libFontRegistry.dylib
0x00007fff35898000 	/System/Library/Frameworks/ImageIO.framework/Versions/A/Resources/libJPEG.dylib
0x00007fff35baa000 	/System/Library/Frameworks/ImageIO.framework/Versions/A/Resources/libTIFF.dylib
0x00007fff35b80000 	/System/Library/Frameworks/ImageIO.framework/Versions/A/Resources/libPng.dylib
0x00007fff357b6000 	/System/Library/Frameworks/ImageIO.framework/Versions/A/Resources/libGIF.dylib
0x00007fff357bb000 	/System/Library/Frameworks/ImageIO.framework/Versions/A/Resources/libJP2.dylib
0x00007fff35ba7000 	/System/Library/Frameworks/ImageIO.framework/Versions/A/Resources/libRadiance.dylib
0x00007fff42ed4000 	/System/Library/PrivateFrameworks/AppleJPEG.framework/Versions/A/AppleJPEG
0x00007fff3bcf2000 	/System/Library/Frameworks/OpenGL.framework/Versions/A/Libraries/libGFXShared.dylib
0x00007fff3beb5000 	/System/Library/Frameworks/OpenGL.framework/Versions/A/Libraries/libGLU.dylib
0x00007fff3bcfb000 	/System/Library/Frameworks/OpenGL.framework/Versions/A/Libraries/libGL.dylib
0x00007fff3bd07000 	/System/Library/Frameworks/OpenGL.framework/Versions/A/Libraries/libGLImage.dylib
0x00007fff3bce4000 	/System/Library/Frameworks/OpenGL.framework/Versions/A/Libraries/libCVMSPluginSupport.dylib
0x00007fff3bced000 	/System/Library/Frameworks/OpenGL.framework/Versions/A/Libraries/libCoreVMClient.dylib
0x00007fff5c559000 	/usr/lib/libcups.2.dylib
0x00007fff36d6e000 	/System/Library/Frameworks/Kerberos.framework/Versions/A/Kerberos
0x00007fff3529b000 	/System/Library/Frameworks/GSS.framework/Versions/A/GSS
0x00007fff5dc6c000 	/usr/lib/libresolv.9.dylib
0x00007fff5c74b000 	/usr/lib/libiconv.2.dylib
0x00007fff4ec45000 	/System/Library/PrivateFrameworks/Heimdal.framework/Versions/A/Heimdal
0x00007fff5c71b000 	/usr/lib/libheimdal-asn1.dylib
0x00007fff3b389000 	/System/Library/Frameworks/OpenDirectory.framework/Versions/A/OpenDirectory
0x00007fff456f9000 	/System/Library/PrivateFrameworks/CommonAuth.framework/Versions/A/CommonAuth
0x00007fff3b36d000 	/System/Library/Frameworks/OpenDirectory.framework/Versions/A/Frameworks/CFOpenDirectory.framework/Versions/A/CFOpenDirectory
0x00007fff3e42d000 	/System/Library/Frameworks/SecurityFoundation.framework/Versions/A/SecurityFoundation
0x00007fff41b73000 	/System/Library/PrivateFrameworks/APFS.framework/Versions/A/APFS
0x00007fff5e0cd000 	/usr/lib/libutil.dylib
0x00007fff5bdf6000 	/usr/lib/libcharset.1.dylib
0x00007fff43171000 	/System/Library/PrivateFrameworks/AppleSauce.framework/Versions/A/AppleSauce
0x00007fff432f2000 	/System/Library/PrivateFrameworks/AssertionServices.framework/Versions/A/AssertionServices
0x00007fff43a22000 	/System/Library/PrivateFrameworks/BaseBoard.framework/Versions/A/BaseBoard
0x00007fff5cb1c000 	/usr/lib/libmecab.1.0.0.dylib
0x00007fff5c715000 	/usr/lib/libgermantok.dylib
0x00007fff5bbc6000 	/usr/lib/libThaiTokenizer.dylib
0x00007fff5b672000 	/usr/lib/libChineseTokenizer.dylib
0x00007fff50661000 	/System/Library/PrivateFrameworks/LanguageModeling.framework/Versions/A/LanguageModeling
0x00007fff463da000 	/System/Library/PrivateFrameworks/CoreEmoji.framework/Versions/A/CoreEmoji
0x00007fff5073d000 	/System/Library/PrivateFrameworks/Lexicon.framework/Versions/A/Lexicon
0x00007fff50780000 	/System/Library/PrivateFrameworks/LinguisticData.framework/Versions/A/LinguisticData
0x00007fff5bdf7000 	/usr/lib/libcmph.dylib
0x00007fff3e4eb000 	/System/Library/Frameworks/ServiceManagement.framework/Versions/A/ServiceManagement
0x00007fff43983000 	/System/Library/PrivateFrameworks/BackgroundTaskManagement.framework/Versions/A/BackgroundTaskManagement
0x00007fff5e1c6000 	/usr/lib/libxslt.1.dylib
0x00007fff3221a000 	/System/Library/Frameworks/Carbon.framework/Versions/A/Frameworks/Ink.framework/Versions/A/Ink
0x00007fff59704000 	/System/Library/PrivateFrameworks/TextureIO.framework/Versions/A/TextureIO
0x00007fff5bc1a000 	/usr/lib/libate.dylib
0x00007fff476b9000 	/System/Library/PrivateFrameworks/CrashReporterSupport.framework/Versions/A/CrashReporterSupport
0x00007fff56e43000 	/System/Library/PrivateFrameworks/Sharing.framework/Versions/A/Sharing
0x00007fff436d5000 	/System/Library/PrivateFrameworks/AuthKit.framework/Versions/A/AuthKit
0x00007fff42c29000 	/System/Library/PrivateFrameworks/Apple80211.framework/Versions/A/Apple80211
0x00007fff47463000 	/System/Library/PrivateFrameworks/CoreUtils.framework/Versions/A/CoreUtils
0x00007fff349ce000 	/System/Library/Frameworks/CoreWLAN.framework/Versions/A/CoreWLAN
0x00007fff353ca000 	/System/Library/Frameworks/IOBluetooth.framework/Versions/A/IOBluetooth
0x00007fff552c7000 	/System/Library/PrivateFrameworks/ProtocolBuffer.framework/Versions/A/ProtocolBuffer
0x00007fff516dd000 	/System/Library/PrivateFrameworks/MobileKeyBag.framework/Versions/A/MobileKeyBag
0x00007fff46ca7000 	/System/Library/PrivateFrameworks/CorePhoneNumbers.framework/Versions/A/CorePhoneNumbers
0x00007fff42e88000 	/System/Library/PrivateFrameworks/AppleIDAuthSupport.framework/Versions/A/AppleIDAuthSupport
0x00007fff50634000 	/System/Library/PrivateFrameworks/KeychainCircle.framework/Versions/A/KeychainCircle
0x00007fff5547d000 	/System/Library/PrivateFrameworks/ROCKit.framework/Versions/A/ROCKit
0x00007fff47655000 	/System/Library/PrivateFrameworks/CoreWiFi.framework/Versions/A/CoreWiFi
0x00007fff32765000 	/System/Library/Frameworks/CoreBluetooth.framework/Versions/A/CoreBluetooth
0x00007fff478b0000 	/System/Library/PrivateFrameworks/DebugSymbols.framework/Versions/A/DebugSymbols
0x00007fff47223000 	/System/Library/PrivateFrameworks/CoreSymbolication.framework/Versions/A/CoreSymbolication
0x00007fff58f1f000 	/System/Library/PrivateFrameworks/Symbolication.framework/Versions/A/Symbolication
0x00007fff587c2000 	/System/Library/PrivateFrameworks/SpeechRecognitionCore.framework/Versions/A/SpeechRecognitionCore
0x0000000109400000 	/Library/Java/JavaVirtualMachines/jdk1.8.0_191.jdk/Contents/Home/jre/lib/server/libjvm.dylib
0x00007fff5dfa8000 	/usr/lib/libstdc++.6.dylib
0x00000001082ab000 	/Library/Java/JavaVirtualMachines/jdk1.8.0_191.jdk/Contents/Home/jre/lib/libverify.dylib
0x00000001082b9000 	/Library/Java/JavaVirtualMachines/jdk1.8.0_191.jdk/Contents/Home/jre/lib/libjava.dylib
0x0000000108339000 	/Library/Java/JavaVirtualMachines/jdk1.8.0_191.jdk/Contents/Home/jre/lib/libzip.dylib
0x0000000120b42000 	/Library/Java/JavaVirtualMachines/jdk1.8.0_191.jdk/Contents/Home/jre/lib/libprism_es2.dylib
0x00007fff46e2b000 	/System/Library/PrivateFrameworks/CoreServicesInternal.framework/Versions/A/CoreServicesInternal
0x00007fff3c8a0000 	/System/Library/Frameworks/OpenGL.framework/Versions/A/Resources/GLEngine.bundle/GLEngine
0x00007fff3bd42000 	/System/Library/Frameworks/OpenGL.framework/Versions/A/Libraries/libGLProgrammability.dylib
0x00007fff2b45d000 	/System/Library/Extensions/AppleIntelKBLGraphicsGLDriver.bundle/Contents/MacOS/AppleIntelKBLGraphicsGLDriver
0x00007fff4dcca000 	/System/Library/PrivateFrameworks/GPUSupport.framework/Versions/A/Libraries/libGPUSupportMercury.dylib
0x00007fff3ca38000 	/System/Library/Frameworks/OpenGL.framework/Versions/A/Resources/GLRendererFloat.bundle/GLRendererFloat
0x00007fff3b30c000 	/System/Library/Frameworks/OpenCL.framework/Versions/A/Libraries/libcldcpuengine.dylib
0x00007fff5c24b000 	/usr/lib/libcrypto.35.dylib
0x00007fff59882000 	/System/Library/PrivateFrameworks/TrustEvaluationAgent.framework/Versions/A/TrustEvaluationAgent
0x0000000121373000 	/Library/Java/JavaVirtualMachines/jdk1.8.0_191.jdk/Contents/Home/jre/lib/libglass.dylib
0x00007fff27412000 	/System/Library/CoreServices/RawCamera.bundle/Contents/MacOS/RawCamera
0x00007fff51546000 	/System/Library/PrivateFrameworks/MobileAsset.framework/Versions/A/MobileAsset
0x00007fff58e6d000 	/System/Library/PrivateFrameworks/StreamingZip.framework/Versions/A/StreamingZip
0x00007fff370fb000 	/System/Library/Frameworks/MediaToolbox.framework/Versions/A/MediaToolbox
0x00007fff45f7f000 	/System/Library/PrivateFrameworks/CoreAVCHD.framework/Versions/A/CoreAVCHD
0x00007fff37041000 	/System/Library/Frameworks/MediaAccessibility.framework/Versions/A/MediaAccessibility
0x00007fff50fa3000 	/System/Library/PrivateFrameworks/Mangrove.framework/Versions/A/Mangrove
0x00007fff33cf1000 	/System/Library/Frameworks/CoreMedia.framework/Versions/A/CoreMedia
0x00007fff3eb53000 	/System/Library/Frameworks/VideoToolbox.framework/Versions/A/VideoToolbox
0x00007fff45b9b000 	/System/Library/PrivateFrameworks/CoreAUC.framework/Versions/A/CoreAUC
0x00007fff5dcd5000 	/usr/lib/libspindump.dylib
0x00007fff43257000 	/System/Library/PrivateFrameworks/AppleVA.framework/Versions/A/AppleVA
0x00007fff2f070000 	/System/Library/Frameworks/Accelerate.framework/Versions/A/Frameworks/vImage.framework/Versions/A/Libraries/libCGInterfaces.dylib
0x00007fff48d8b000 	/System/Library/PrivateFrameworks/FamilyControls.framework/Versions/A/FamilyControls
0x00007fff456ec000 	/System/Library/PrivateFrameworks/CommerceKit.framework/Versions/A/Frameworks/CommerceCore.framework/Versions/A/CommerceCore
0x00007fff591f2000 	/System/Library/PrivateFrameworks/SystemAdministration.framework/Versions/A/SystemAdministration
0x00007fff42b2a000 	/System/Library/PrivateFrameworks/AppContainer.framework/Versions/A/AppContainer
0x00007fff42b46000 	/System/Library/PrivateFrameworks/AppSandbox.framework/Versions/A/AppSandbox
0x00007fff56ce4000 	/System/Library/PrivateFrameworks/SecCodeWrapper.framework/Versions/A/SecCodeWrapper
0x00007fff5dc86000 	/usr/lib/libsandbox.1.dylib
0x00007fff5b9b9000 	/usr/lib/libMatch.1.dylib
0x00007fff47c35000 	/System/Library/PrivateFrameworks/DiskManagement.framework/Versions/A/DiskManagement
0x00007fff34bd4000 	/System/Library/Frameworks/DirectoryService.framework/Versions/A/DirectoryService
0x00007fff47b66000 	/System/Library/PrivateFrameworks/DiskImages.framework/Versions/A/DiskImages
0x00007fff50879000 	/System/Library/PrivateFrameworks/LoginUIKit.framework/Versions/A/Frameworks/LoginUICore.framework/Versions/A/LoginUICore
0x00007fff5b67d000 	/usr/lib/libCoreStorage.dylib
0x00007fff5c546000 	/usr/lib/libcsfde.dylib
0x00007fff5db06000 	/usr/lib/libodfde.dylib
0x00007fff510bb000 	/System/Library/PrivateFrameworks/MediaKit.framework/Versions/A/MediaKit
0x00007fff34be0000 	/System/Library/Frameworks/DiscRecording.framework/Versions/A/DiscRecording
0x00007fff47da7000 	/System/Library/PrivateFrameworks/EFILogin.framework/Versions/A/EFILogin
0x00007fff55272000 	/System/Library/PrivateFrameworks/ProtectedCloudStorage.framework/Versions/A/ProtectedCloudStorage
0x00007fff5c5d8000 	/usr/lib/libcurl.4.dylib
0x00007fff5c445000 	/usr/lib/libcrypto.42.dylib
0x00007fff5df78000 	/usr/lib/libssl.44.dylib
0x00007fff36d88000 	/System/Library/Frameworks/LDAP.framework/Versions/A/LDAP
0x00007fff5dcc2000 	/usr/lib/libsasl2.2.dylib
0x00007fff461d7000 	/System/Library/PrivateFrameworks/CoreDaemon.framework/Versions/B/CoreDaemon
0x00007fff4316c000 	/System/Library/PrivateFrameworks/AppleSRP.framework/Versions/A/AppleSRP
0x00007fff5a6bb000 	/System/Library/PrivateFrameworks/ViewBridge.framework/Versions/A/ViewBridge
0x0000000120f34000 	/usr/lib/libobjc-trampolines.dylib
0x000000012559b000 	/Library/Java/JavaVirtualMachines/jdk1.8.0_191.jdk/Contents/Home/jre/lib/libjavafx_font.dylib
0x00007fff31363000 	/System/Library/Frameworks/ApplicationServices.framework/Versions/A/Frameworks/ATS.framework/Versions/A/Resources/libTrueTypeScaler.dylib
0x0000000125b79000 	/Library/Java/JavaVirtualMachines/jdk1.8.0_191.jdk/Contents/Home/jre/lib/libprism_common.dylib
0x00007fff2c232000 	/System/Library/Extensions/AppleIntelKBLGraphicsMTLDriver.bundle/Contents/MacOS/AppleIntelKBLGraphicsMTLDriver
0x00007fff4c635000 	/System/Library/PrivateFrameworks/GPUCompiler.framework/Versions/3902/Libraries/libmetal_timestamp.dylib
0x00007fff5b372000 	/System/Library/PrivateFrameworks/login.framework/Versions/A/login
0x000000012d298000 	/Library/Java/JavaVirtualMachines/jdk1.8.0_191.jdk/Contents/Home/jre/lib/libawt.dylib
0x000000012d342000 	/Library/Java/JavaVirtualMachines/jdk1.8.0_191.jdk/Contents/Home/jre/lib/./libmlib_image.dylib
0x00007fff36d57000 	/System/Library/Frameworks/JavaVM.framework/Versions/A/Frameworks/JavaNativeFoundation.framework/Versions/A/JavaNativeFoundation
0x00007fff36d60000 	/System/Library/Frameworks/JavaVM.framework/Versions/A/Frameworks/JavaRuntimeSupport.framework/Versions/A/JavaRuntimeSupport
0x00007fff36d69000 	/System/Library/Frameworks/JavaVM.framework/Versions/A/JavaVM
0x00007fff50552000 	/System/Library/PrivateFrameworks/JavaLaunching.framework/Versions/A/JavaLaunching
0x00007fff31f14000 	/System/Library/Frameworks/Carbon.framework/Versions/A/Carbon
0x00007fff31f15000 	/System/Library/Frameworks/Carbon.framework/Versions/A/Frameworks/CommonPanels.framework/Versions/A/CommonPanels
0x00007fff32210000 	/System/Library/Frameworks/Carbon.framework/Versions/A/Frameworks/Help.framework/Versions/A/Help
0x00007fff32214000 	/System/Library/Frameworks/Carbon.framework/Versions/A/Frameworks/ImageCapture.framework/Versions/A/ImageCapture
0x00007fff322b0000 	/System/Library/Frameworks/Carbon.framework/Versions/A/Frameworks/OpenScripting.framework/Versions/A/OpenScripting
0x00007fff322e8000 	/System/Library/Frameworks/Carbon.framework/Versions/A/Frameworks/Print.framework/Versions/A/Print
0x00007fff322ea000 	/System/Library/Frameworks/Carbon.framework/Versions/A/Frameworks/SecurityHI.framework/Versions/A/SecurityHI
0x000000012d40e000 	/Library/Java/JavaVirtualMachines/jdk1.8.0_191.jdk/Contents/Home/jre/lib/libawt_lwawt.dylib
0x000000012a647000 	/Library/Java/JavaVirtualMachines/jdk1.8.0_191.jdk/Contents/Home/jre/lib/./libosxapp.dylib
0x00007fff34e58000 	/System/Library/Frameworks/ExceptionHandling.framework/Versions/A/ExceptionHandling
0x000000012cf49000 	/Library/Java/JavaVirtualMachines/jdk1.8.0_191.jdk/Contents/Home/jre/lib/libfontmanager.dylib
0x0000000126a83000 	/Library/Java/JavaVirtualMachines/jdk1.8.0_191.jdk/Contents/Home/jre/lib/libosxui.dylib
0x000000012ebf6000 	/Library/Java/JavaVirtualMachines/jdk1.8.0_191.jdk/Contents/Home/jre/lib/libnet.dylib
0x000000012ec0d000 	/Library/Java/JavaVirtualMachines/jdk1.8.0_191.jdk/Contents/Home/jre/lib/libnio.dylib
0x00000001aa037000 	/Library/Java/JavaVirtualMachines/jdk1.8.0_191.jdk/Contents/Home/jre/lib/libdcpr.dylib

VM Arguments:
jvm_args: -Dfile.encoding=UTF-8 
java_command: javafxapplication4.JavaFXApplication4
java_class_path (initial): /Applications/NetBeans/NetBeans 8.2.app/Contents/Resources/NetBeans/platform/modules/ext/junit-4.12.jar:/Users/tinyteddybear/Documents/PSA/FInal Project/PSO/jcommon-1.0.23.jar:/Users/tinyteddybear/Documents/PSA/FInal Project/PSO/jfreechart-1.0.19.jar:/Users/tinyteddybear/Documents/PSA/FInal Project/PSO/build/classes
Launcher Type: SUN_STANDARD

Environment Variables:
PATH=/usr/bin:/bin:/usr/sbin:/sbin
LD_LIBRARY_PATH=/Library/Java/JavaVirtualMachines/jdk1.8.0_191.jdk/Contents/Home/jre/lib/amd64:/Library/Java/JavaVirtualMachines/jdk1.8.0_191.jdk/Contents/Home/jre/lib/i386:
SHELL=/bin/bash

Signal Handlers:
SIGSEGV: [libjvm.dylib+0x5b5de9], sa_mask[0]=11111111011111110111111111111111, sa_flags=SA_ONSTACK|SA_RESTART|SA_SIGINFO
SIGBUS: [libjvm.dylib+0x5b5de9], sa_mask[0]=11111111011111110111111111111111, sa_flags=SA_RESTART|SA_SIGINFO
SIGFPE: [libjvm.dylib+0x48b6b0], sa_mask[0]=11111111011111110111111111111111, sa_flags=SA_RESTART|SA_SIGINFO
SIGPIPE: [libjvm.dylib+0x48b6b0], sa_mask[0]=11111111011111110111111111111111, sa_flags=SA_RESTART|SA_SIGINFO
SIGXFSZ: [libjvm.dylib+0x48b6b0], sa_mask[0]=11111111011111110111111111111111, sa_flags=SA_RESTART|SA_SIGINFO
SIGILL: [libjvm.dylib+0x48b6b0], sa_mask[0]=11111111011111110111111111111111, sa_flags=SA_RESTART|SA_SIGINFO
SIGUSR1: SIG_DFL, sa_mask[0]=00000000000000000000000000000000, sa_flags=none
SIGUSR2: [libjvm.dylib+0x48b1ce], sa_mask[0]=00100000000000000000000000000000, sa_flags=SA_RESTART|SA_SIGINFO
SIGHUP: [libjvm.dylib+0x489759], sa_mask[0]=11111111011111110111111111111111, sa_flags=SA_RESTART|SA_SIGINFO
SIGINT: SIG_IGN, sa_mask[0]=00000000000000000000000000000000, sa_flags=none
SIGTERM: [libjvm.dylib+0x489759], sa_mask[0]=11111111011111110111111111111111, sa_flags=SA_RESTART|SA_SIGINFO
SIGQUIT: [libjvm.dylib+0x489759], sa_mask[0]=11111111011111110111111111111111, sa_flags=SA_RESTART|SA_SIGINFO


---------------  S Y S T E M  ---------------

OS:Bsduname:Darwin 18.6.0 Darwin Kernel Version 18.6.0: Thu Apr 25 23:16:27 PDT 2019; root:xnu-4903.261.4~2/RELEASE_X86_64 x86_64
rlimit: STACK 8192k, CORE 0k, NPROC 709, NOFILE 10240, AS infinity
load average:2.86 2.19 2.37

CPU:total 8 (initial active 8) (4 cores per cpu, 2 threads per core) family 6 model 142 stepping 10, cmov, cx8, fxsr, mmx, sse, sse2, sse3, ssse3, sse4.1, sse4.2, popcnt, avx, avx2, aes, clmul, erms, 3dnowpref, lzcnt, ht, tsc, tscinvbit, bmi1, bmi2, adx

Memory: 4k page, physical 8388608k(19644k free)

/proc/meminfo:


vm_info: Java HotSpot(TM) 64-Bit Server VM (25.191-b12) for bsd-amd64 JRE (1.8.0_191-b12), built on Oct  6 2018 08:37:07 by "java_re" with gcc 4.2.1 (Based on Apple Inc. build 5658) (LLVM build 2336.11.00)

time: Thu Aug 15 23:19:37 2019
elapsed time: 485 seconds (0d 0h 8m 5s)

